<?xml version="1.0" encoding="UTF-8"?>
<!-- Generated by org.testng.reporters.JUnitReportReporter -->
<testsuite hostname="pradeem-w10lt" failures="0" tests="3" name="practive.mavenjava.sampleTest" time="0.005" errors="0" timestamp="2021-12-29T15:31:33 IST" skipped="0">
  <testcase classname="practive.mavenjava.sampleTest" name="telegram" time="0.001"/>
  <system-out/>
  <testcase classname="practive.mavenjava.sampleTest" name="whatsapp" time="0.000"/>
  <system-out/>
  <testcase classname="practive.mavenjava.sampleTest" name="messanger" time="0.004"/>
  <system-out/>
</testsuite> <!-- practive.mavenjava.sampleTest -->
