<?xml version="1.0" encoding="UTF-8"?>
<!-- Generated by org.testng.reporters.JUnitReportReporter -->
<testsuite hostname="pradeem-w10lt" failures="0" tests="3" name="practive.mavenjava.demoTest" time="0.000" errors="0" timestamp="2021-12-29T15:31:33 IST" skipped="0">
  <testcase classname="practive.mavenjava.demoTest" name="harley" time="0.000"/>
  <system-out/>
  <testcase classname="practive.mavenjava.demoTest" name="mercedez" time="0.000"/>
  <system-out/>
  <testcase classname="practive.mavenjava.demoTest" name="triumph" time="0.000"/>
  <system-out/>
</testsuite> <!-- practive.mavenjava.demoTest -->
